<?xml version="1.0" encoding="UTF-8"?>
<robot generator="Robot 3.2.2 (Python 3.7.9 on win32)" generated="20210119 09:49:33.649" rpa="false">
<suite id="s1" name="Verify Valid Credentials" source="C:\robotic_framework\robot_workspace\OpenEmrProject\LoginSuite\verify_valid_credentials.robot">
<test id="s1-t1" name="Verify_valid_credentials">
<kw name="Launch Browser" library="comman_functionality">
<kw name="Log To Console" library="BuiltIn">
<doc>Logs the given message to the console.</doc>
<arguments>
<arg>${OUTPUT_DIR}${/}driver</arg>
</arguments>
<status status="PASS" starttime="20210119 09:49:33.942" endtime="20210119 09:49:33.942"></status>
</kw>
<kw name="Append To Environment Variable" library="OperatingSystem">
<doc>Appends given ``values`` to environment variable ``name``.</doc>
<arguments>
<arg>path</arg>
<arg>${OUTPUT_DIR}${/}driver</arg>
</arguments>
<msg timestamp="20210119 09:49:33.943" level="INFO">Environment variable 'path' set to value 'C:\Program Files\Common Files\Oracle\Java\javapath;C:\WINDOWS\system32;C:\WINDOWS;C:\WINDOWS\System32\Wbem;C:\WINDOWS\System32\WindowsPowerShell\v1.0\;C:\python;C:\python\Scripts;C:\WINDOWS\System32\OpenSSH\;C:\MinGW\bin;C:\Program Files\Git\cmd;C:\Program Files (x86)\Groovy\bin;C:\Program Files (x86)\Groovy\bin;C:\Users\CTEA\AppData\Local\Programs\Microsoft VS Code\bin;C:\Users\CTEA\AppData\Local\Microsoft\WindowsApps;C:\xampp\mysql\bin;C:\Program Files (x86)\Groovy\bin;C:\Program Files\Java\jdk-15.0.1\bin;C:\Program Files (x86)\Groovy\lib;;C:\robotic_framework\robot_workspace\OpenEmrProject\LoginSuite\driver'.</msg>
<status status="PASS" starttime="20210119 09:49:33.942" endtime="20210119 09:49:33.943"></status>
</kw>
<kw name="Open Browser" library="SeleniumLibrary">
<doc>Opens a new browser instance to the optional ``url``.</doc>
<arguments>
<arg>browser=googlechrome</arg>
</arguments>
<msg timestamp="20210119 09:49:33.943" level="INFO">Opening browser 'googlechrome' to base url 'None'.</msg>
<kw name="Capture Page Screenshot" library="SeleniumLibrary">
<doc>Takes a screenshot of the current page and embeds it into a log file.</doc>
<msg timestamp="20210119 09:49:33.947" level="INFO">Cannot capture screenshot because no browser is open.</msg>
<status status="PASS" starttime="20210119 09:49:33.946" endtime="20210119 09:49:33.947"></status>
</kw>
<msg timestamp="20210119 09:49:33.950" level="FAIL">WebDriverException: Message: 'chromedriver' executable needs to be in PATH. Please see https://sites.google.com/a/chromium.org/chromedriver/home
</msg>
<status status="FAIL" starttime="20210119 09:49:33.943" endtime="20210119 09:49:33.951"></status>
</kw>
<status status="FAIL" starttime="20210119 09:49:33.941" endtime="20210119 09:49:33.951"></status>
</kw>
<status status="FAIL" starttime="20210119 09:49:33.940" endtime="20210119 09:49:33.951" critical="yes">WebDriverException: Message: 'chromedriver' executable needs to be in PATH. Please see https://sites.google.com/a/chromium.org/chromedriver/home
</status>
</test>
<status status="FAIL" starttime="20210119 09:49:33.651" endtime="20210119 09:49:33.953"></status>
</suite>
<statistics>
<total>
<stat pass="0" fail="1">Critical Tests</stat>
<stat pass="0" fail="1">All Tests</stat>
</total>
<tag>
</tag>
<suite>
<stat pass="0" fail="1" id="s1" name="Verify Valid Credentials">Verify Valid Credentials</stat>
</suite>
</statistics>
<errors>
</errors>
</robot>
